2021-09-08 04:15:35,072 DEBUG [main] cache:45 - Couldn't find template in cache for "Extent.ftl"("en_LK", UTF-8, parsed); will try to load it.
2021-09-08 04:15:35,075 DEBUG [main] cache:45 - TemplateLoader.findTemplateSource("Extent_en_LK.ftl"): Not found
2021-09-08 04:15:35,077 DEBUG [main] cache:45 - TemplateLoader.findTemplateSource("Extent_en.ftl"): Not found
2021-09-08 04:15:35,079 DEBUG [main] cache:45 - TemplateLoader.findTemplateSource("Extent.ftl"): Found
2021-09-08 04:15:35,080 DEBUG [main] cache:45 - Loading template for "Extent.ftl"("en_LK", UTF-8, parsed) from "jar:file:/Users/methuliakithma/.m2/repository/com/relevantcodes/extentreports/2.41.2/extentreports-2.41.2.jar!/com/relevantcodes/extentreports/view/Extent.ftl"
2021-09-08 04:15:35,325 DEBUG [main] cache:45 - Couldn't find template in cache for "Extent.ftl"("en_LK", UTF-8, parsed); will try to load it.
2021-09-08 04:15:35,326 DEBUG [main] cache:45 - TemplateLoader.findTemplateSource("Extent_en_LK.ftl"): Not found
2021-09-08 04:15:35,327 DEBUG [main] cache:45 - TemplateLoader.findTemplateSource("Extent_en.ftl"): Not found
2021-09-08 04:15:35,327 DEBUG [main] cache:45 - TemplateLoader.findTemplateSource("Extent.ftl"): Found
2021-09-08 04:15:35,328 DEBUG [main] cache:45 - Loading template for "Extent.ftl"("en_LK", UTF-8, parsed) from "jar:file:/Users/methuliakithma/.m2/repository/com/relevantcodes/extentreports/2.41.2/extentreports-2.41.2.jar!/com/relevantcodes/extentreports/view/Extent.ftl"
2021-09-08 08:43:05,181 DEBUG [main] cache:45 - Couldn't find template in cache for "Extent.ftl"("en_LK", UTF-8, parsed); will try to load it.
2021-09-08 08:43:05,185 DEBUG [main] cache:45 - TemplateLoader.findTemplateSource("Extent_en_LK.ftl"): Not found
2021-09-08 08:43:05,188 DEBUG [main] cache:45 - TemplateLoader.findTemplateSource("Extent_en.ftl"): Not found
2021-09-08 08:43:05,188 DEBUG [main] cache:45 - TemplateLoader.findTemplateSource("Extent.ftl"): Found
2021-09-08 08:43:05,189 DEBUG [main] cache:45 - Loading template for "Extent.ftl"("en_LK", UTF-8, parsed) from "jar:file:/Users/methuliakithma/.m2/repository/com/relevantcodes/extentreports/2.41.2/extentreports-2.41.2.jar!/com/relevantcodes/extentreports/view/Extent.ftl"
2021-09-08 08:43:05,474 DEBUG [main] cache:45 - Couldn't find template in cache for "Extent.ftl"("en_LK", UTF-8, parsed); will try to load it.
2021-09-08 08:43:05,479 DEBUG [main] cache:45 - TemplateLoader.findTemplateSource("Extent_en_LK.ftl"): Not found
2021-09-08 08:43:05,480 DEBUG [main] cache:45 - TemplateLoader.findTemplateSource("Extent_en.ftl"): Not found
2021-09-08 08:43:05,481 DEBUG [main] cache:45 - TemplateLoader.findTemplateSource("Extent.ftl"): Found
2021-09-08 08:43:05,482 DEBUG [main] cache:45 - Loading template for "Extent.ftl"("en_LK", UTF-8, parsed) from "jar:file:/Users/methuliakithma/.m2/repository/com/relevantcodes/extentreports/2.41.2/extentreports-2.41.2.jar!/com/relevantcodes/extentreports/view/Extent.ftl"

2022-09-25 23:06:55,839 DEBUG [main] cache:45 - Couldn't find template in cache for "Extent.ftl"("en_US", UTF-8, parsed); will try to load it.
2022-09-25 23:06:55,843 DEBUG [main] cache:45 - TemplateLoader.findTemplateSource("Extent_en_US.ftl"): Not found
2022-09-25 23:06:55,845 DEBUG [main] cache:45 - TemplateLoader.findTemplateSource("Extent_en.ftl"): Not found
2022-09-25 23:06:55,847 DEBUG [main] cache:45 - TemplateLoader.findTemplateSource("Extent.ftl"): Found
2022-09-25 23:06:55,848 DEBUG [main] cache:45 - Loading template for "Extent.ftl"("en_US", UTF-8, parsed) from "jar:file:/C:/Users/DELL/.m2/repository/com/relevantcodes/extentreports/2.41.2/extentreports-2.41.2.jar!/com/relevantcodes/extentreports/view/Extent.ftl"
2022-09-25 23:06:56,248 DEBUG [main] cache:45 - Couldn't find template in cache for "Extent.ftl"("en_US", UTF-8, parsed); will try to load it.
2022-09-25 23:06:56,250 DEBUG [main] cache:45 - TemplateLoader.findTemplateSource("Extent_en_US.ftl"): Not found
2022-09-25 23:06:56,251 DEBUG [main] cache:45 - TemplateLoader.findTemplateSource("Extent_en.ftl"): Not found
2022-09-25 23:06:56,251 DEBUG [main] cache:45 - TemplateLoader.findTemplateSource("Extent.ftl"): Found
2022-09-25 23:06:56,252 DEBUG [main] cache:45 - Loading template for "Extent.ftl"("en_US", UTF-8, parsed) from "jar:file:/C:/Users/DELL/.m2/repository/com/relevantcodes/extentreports/2.41.2/extentreports-2.41.2.jar!/com/relevantcodes/extentreports/view/Extent.ftl"
